0 info it worked if it ends with ok
1 verbose cli [ '/usr/bin/nodejs', '/usr/bin/npm', 'run', 'build' ]
2 info using npm@3.10.7
3 info using node@v4.5.0
4 verbose run-script [ 'prebuild', 'build', 'postbuild' ]
5 info lifecycle full-stack-tutorial@1.0.0~prebuild: full-stack-tutorial@1.0.0
6 silly lifecycle full-stack-tutorial@1.0.0~prebuild: no script for prebuild, continuing
7 info lifecycle full-stack-tutorial@1.0.0~build: full-stack-tutorial@1.0.0
8 verbose lifecycle full-stack-tutorial@1.0.0~build: unsafe-perm in lifecycle true
9 verbose lifecycle full-stack-tutorial@1.0.0~build: PATH: /usr/lib/node_modules/npm/bin/node-gyp-bin:/home/michael/Projects/full-stack-tutorial/node_modules/.bin:/usr/local/sbin:/usr/local/bin:/usr/sbin:/usr/bin:/sbin:/bin:/usr/games:/usr/local/games
10 verbose lifecycle full-stack-tutorial@1.0.0~build: CWD: /home/michael/Projects/full-stack-tutorial
11 silly lifecycle full-stack-tutorial@1.0.0~build: Args: [ '-c',
11 silly lifecycle   'NODE_ENV=production webpack --config webpack.config.prod.js' ]
12 silly lifecycle full-stack-tutorial@1.0.0~build: Returned: code: 1  signal: null
13 info lifecycle full-stack-tutorial@1.0.0~build: Failed to exec build script
14 verbose stack Error: full-stack-tutorial@1.0.0 build: `NODE_ENV=production webpack --config webpack.config.prod.js`
14 verbose stack Exit status 1
14 verbose stack     at EventEmitter.<anonymous> (/usr/lib/node_modules/npm/lib/utils/lifecycle.js:255:16)
14 verbose stack     at emitTwo (events.js:87:13)
14 verbose stack     at EventEmitter.emit (events.js:172:7)
14 verbose stack     at ChildProcess.<anonymous> (/usr/lib/node_modules/npm/lib/utils/spawn.js:40:14)
14 verbose stack     at emitTwo (events.js:87:13)
14 verbose stack     at ChildProcess.emit (events.js:172:7)
14 verbose stack     at maybeClose (internal/child_process.js:829:16)
14 verbose stack     at Process.ChildProcess._handle.onexit (internal/child_process.js:211:5)
15 verbose pkgid full-stack-tutorial@1.0.0
16 verbose cwd /home/michael/Projects/full-stack-tutorial
17 error Linux 4.4.6-galliumos
18 error argv "/usr/bin/nodejs" "/usr/bin/npm" "run" "build"
19 error node v4.5.0
20 error npm  v3.10.7
21 error code ELIFECYCLE
22 error full-stack-tutorial@1.0.0 build: `NODE_ENV=production webpack --config webpack.config.prod.js`
22 error Exit status 1
23 error Failed at the full-stack-tutorial@1.0.0 build script 'NODE_ENV=production webpack --config webpack.config.prod.js'.
23 error Make sure you have the latest version of node.js and npm installed.
23 error If you do, this is most likely a problem with the full-stack-tutorial package,
23 error not with npm itself.
23 error Tell the author that this fails on your system:
23 error     NODE_ENV=production webpack --config webpack.config.prod.js
23 error You can get information on how to open an issue for this project with:
23 error     npm bugs full-stack-tutorial
23 error Or if that isn't available, you can get their info via:
23 error     npm owner ls full-stack-tutorial
23 error There is likely additional logging output above.
24 verbose exit [ 1, true ]
